<?xml version="1.0" encoding="UTF-8"?>
<!-- Generated by org.testng.reporters.JUnitXMLReporter -->
<testsuite hostname="JIM-TI8227" name="Test" tests="6" failures="0" timestamp="13 Dec 2015 08:31:26 GMT" time="513.323" errors="0">
  <testcase name="addcart" time="32.942" classname="sceanrios_TCs.Cart_Scenario"/>
  <testcase name="deletecart" time="209.569" classname="sceanrios_TCs.Cart_Scenario"/>
  <testcase name="avalid_login" time="217.093" classname="sceanrios_TCs.Login_Scenario"/>
  <testcase name="invalid_login" time="17.907" classname="sceanrios_TCs.Login_Scenario"/>
  <testcase name="invalid_login" time="19.012" classname="sceanrios_TCs.Login_Scenario"/>
  <testcase name="invalidSearch" time="15.568" classname="sceanrios_TCs.Search_Scenario"/>
</testsuite> <!-- Test -->
