<?xml version="1.0" encoding="UTF-8"?>
<!-- Generated by org.testng.reporters.JUnitXMLReporter -->
<testsuite hostname="JIM-TI8227" name="Test" tests="3" failures="0" timestamp="12 Dec 2015 22:13:26 GMT" time="54.915" errors="0">
  <testcase name="invalid_login" time="18.198" classname="sceanrios_TCs.Login_Scenario"/>
  <testcase name="invalid_login" time="17.412" classname="sceanrios_TCs.Login_Scenario"/>
  <testcase name="valid_login" time="18.073" classname="sceanrios_TCs.Login_Scenario"/>
</testsuite> <!-- Test -->
